2025-09-24 11:07:10.992 INFO  c.e.m.LoginApplication:53 - Starting LoginApplication using Java 24.0.1 with PID 24016 (C:\Users\devinn.ou\IdeaProjects\mobitel\target\classes started by DEVINN.OU in C:\Users\devinn.ou\IdeaProjects\mobitel)
2025-09-24 11:07:10.992 INFO  c.e.m.LoginApplication:658 - The following 1 profile is active: "dev"
2025-09-24 11:07:11.224 INFO  o.s.d.r.c.RepositoryConfigurationDelegate:145 - Bootstrapping Spring Data JDBC repositories in DEFAULT mode.
2025-09-24 11:07:11.233 INFO  o.s.d.r.c.RepositoryConfigurationDelegate:213 - Finished Spring Data repository scanning in 7 ms. Found 0 JDBC repository interfaces.
2025-09-24 11:07:11.326 INFO  o.s.b.w.e.t.TomcatWebServer:111 - Tomcat initialized with port 8080 (http)
2025-09-24 11:07:11.327 INFO  o.a.c.c.StandardService:168 - Starting service [Tomcat]
2025-09-24 11:07:11.327 INFO  o.a.c.c.StandardEngine:168 - Starting Servlet engine: [Apache Tomcat/10.1.42]
2025-09-24 11:07:11.357 INFO  o.a.c.c.C.[.[.[/project-management-system]:168 - Initializing Spring embedded WebApplicationContext
2025-09-24 11:07:11.357 INFO  o.s.b.w.s.c.ServletWebServerApplicationContext:301 - Root WebApplicationContext: initialization completed in 363 ms
2025-09-24 11:07:11.607 INFO  c.z.h.HikariDataSource:109 - HikariPool-2 - Starting...
2025-09-24 11:07:11.635 INFO  c.z.h.p.HikariPool:575 - HikariPool-2 - Added connection com.mysql.cj.jdbc.ConnectionImpl@167dfeb8
2025-09-24 11:07:11.636 INFO  c.z.h.HikariDataSource:122 - HikariPool-2 - Start completed.
2025-09-24 11:07:11.665 INFO  o.s.b.d.a.OptionalLiveReloadServer:59 - LiveReload server is running on port 35729
2025-09-24 11:07:11.678 INFO  o.s.b.w.e.t.TomcatWebServer:243 - Tomcat started on port 8080 (http) with context path '/project-management-system'
2025-09-24 11:07:11.683 INFO  c.e.m.LoginApplication:59 - Started LoginApplication in 0.745 seconds (process running for 112.705)
2025-09-24 11:07:11.685 INFO  o.s.b.d.a.ConditionEvaluationDeltaLoggingListener:63 - Condition evaluation unchanged
2025-09-24 11:10:13.514 INFO  o.s.b.w.e.t.GracefulShutdown:54 - Commencing graceful shutdown. Waiting for active requests to complete
2025-09-24 11:10:13.528 INFO  o.s.b.w.e.t.GracefulShutdown:76 - Graceful shutdown complete
2025-09-24 11:10:13.533 INFO  c.z.h.HikariDataSource:349 - HikariPool-2 - Shutdown initiated...
2025-09-24 11:10:13.538 INFO  c.z.h.HikariDataSource:351 - HikariPool-2 - Shutdown completed.
